C51 COMPILER V9.55   DOO_LOCK                                                              06/28/2016 22:00:31 PAGE 1   


C51 COMPILER V9.55, COMPILATION OF MODULE DOO_LOCK
OBJECT MODULE PLACED IN .\Objects\doo_lock.obj
COMPILER INVOKED BY: C:\Keil_v5\C51\BIN\C51.EXE doo_lock.c OPTIMIZE(8,SPEED) BROWSE DEBUG OBJECTEXTEND PRINT(.\Listings\
                    -doo_lock.lst) TABS(2) OBJECT(.\Objects\doo_lock.obj)

line level    source

   1          #include<regx51.h>
   2          void dscmd(unsigned char a);
   3          void dsdata(unsigned char b);
   4          void delay(unsigned int c);
   5          void enpass(unsigned char x);
   6          void check(void);
   7          void welcome(void);
   8          void clear(void);
   9          
  10          #define lcd P2
  11          
  12          sbit rs=P1^0;
  13          sbit rw=P1^1;
  14          sbit en=P1^2;
  15          
  16          sbit m0=P1^3;
  17          sbit m1=P1^4;
  18          
  19          sbit c1=P3^4;
  20          sbit c2=P3^5;
  21          sbit c3=P3^6;
  22          sbit r1=P3^0;
  23          sbit r2=P3^1;
  24          sbit r3=P3^2;
  25          sbit r4=P3^3;
  26          
  27          int z;
  28          unsigned char i,k,y;
  29          unsigned char mess1[]=" ENTER PASSWORD";
  30          unsigned char pass[10];
  31          unsigned char mwell[]="    WELCOME";
  32          unsigned char errpass[]=" PASSWORD ERROR";
  33          unsigned char pass1[10];
  34          main()
  35          {
  36   1        m0=0;
  37   1        m1=0;
  38   1        
  39   1        dscmd(0x38);
  40   1        
  41   1        dscmd(0x06);
  42   1        
  43   1        dscmd(0x0C);
  44   1        
  45   1        dscmd(0x80);
  46   1        
  47   1        dscmd(0x01);
  48   1        
  49   1        
  50   1        
  51   1        welcome();
  52   1        dscmd(0xC0);
  53   1        
  54   1        while(1)
C51 COMPILER V9.55   DOO_LOCK                                                              06/28/2016 22:00:31 PAGE 2   

  55   1        {
  56   2          
  57   2              
  58   2        
  59   2        pass[0]='1';
  60   2        pass[1]='5';
  61   2        pass[2]='9';
  62   2        pass[3]='7';
  63   2        pass[4]='5';
  64   2        pass[5]='3';
  65   2        pass[6]='4';
  66   2        pass[7]='5';
  67   2        pass[8]='6';
  68   2        
  69   2        while(1)
  70   2        {
  71   3          
  72   3      
  73   3          P3=0xFF;
  74   3          r1=0;
  75   3            if(c1==0)
  76   3            {
  77   4              while(c1==0);
  78   4              dsdata(0x31);
  79   4              enpass('1');
  80   4                
  81   4            }
  82   3            
  83   3            
  84   3          P3=0xFF;
  85   3          r1=0;
  86   3            if(c2==0)
  87   3            {
  88   4              while(c2==0);
  89   4              dsdata(0x32);
  90   4              enpass('2');      
  91   4            }
  92   3          P3=0xFF;
  93   3          r1=0;
  94   3            if(c3==0)
  95   3            {
  96   4              while(c3==0);
  97   4              dsdata(0x33);
  98   4              enpass('3');
  99   4            }
 100   3            
 101   3      
 102   3            
 103   3          P3=0xFF;
 104   3          r2=0;
 105   3            if(c1==0)
 106   3            {
 107   4              while(c1==0);
 108   4              dsdata(0x34);
 109   4              enpass('4');
 110   4            }
 111   3            
 112   3            
 113   3          P3=0xFF;
 114   3          r2=0; 
 115   3            if(c2==0)
 116   3            {
C51 COMPILER V9.55   DOO_LOCK                                                              06/28/2016 22:00:31 PAGE 3   

 117   4              while(c2==0);
 118   4              dsdata(0x35);
 119   4              enpass('5');
 120   4            }
 121   3          P3=0xFF;
 122   3          r2=0;
 123   3            if(c3==0)
 124   3            {
 125   4              while(c3==0);
 126   4              dsdata(0x36);
 127   4              enpass('6');
 128   4            }
 129   3            
 130   3            
 131   3            
 132   3          P3=0xFF;
 133   3          r3=0;
 134   3            if(c1==0)
 135   3            {
 136   4              while(c1==0);
 137   4              dsdata(0x37);
 138   4              enpass('7');
 139   4            }
 140   3            
 141   3            
 142   3          P3=0xFF;
 143   3          r3=0; 
 144   3            if(c2==0)
 145   3            {
 146   4              while(c2==0);
 147   4              dsdata(0x38);
 148   4              enpass('8');
 149   4            }
 150   3          P3=0xFF;
 151   3          r3=0;
 152   3            if(c3==0)
 153   3            {
 154   4              while(c3==0);
 155   4              dsdata(0x39);
 156   4              enpass('9');
 157   4            }
 158   3        
 159   3            
 160   3            
 161   3            
 162   3            
 163   3            
 164   3            
 165   3          P3=0xFF;
 166   3          r4=0;
 167   3            if(c1==0)
 168   3            {
 169   4              while(c1==0);
 170   4              m0=0;
 171   4              m1=1;
 172   4              delay(600);
 173   4              m0=0;
 174   4              m1=0;
 175   4              welcome();
 176   4            }
 177   3            
 178   3            
C51 COMPILER V9.55   DOO_LOCK                                                              06/28/2016 22:00:31 PAGE 4   

 179   3          P3=0xFF;
 180   3          r4=0; 
 181   3            if(c2==0)
 182   3            {
 183   4              while(c2==0);
 184   4              dsdata(0x30);
 185   4              enpass('0');
 186   4            }
 187   3          P3=0xFF;
 188   3          r4=0;
 189   3            if(c3==0)
 190   3            {
 191   4              while(c3==0);
 192   4              check();
 193   4              
 194   4            }
 195   3        
 196   3      }
 197   2      }
 198   1        }
 199          
 200          
 201          void dscmd(unsigned char a)
 202          {
 203   1        P2=a;
 204   1        rs=0;
 205   1        rw=0;
 206   1        en=1;
 207   1        delay(5);
 208   1        en=0;
 209   1      }
 210          
 211          
 212          void dsdata(unsigned char b)
 213          {
 214   1        P2=b;
 215   1        rs=1;
 216   1        rw=0;
 217   1        en=1;
 218   1        delay(5);
 219   1        en=0;
 220   1      }
 221          
 222          void delay(unsigned int c)
 223          {
 224   1        unsigned int j;
 225   1        for (z=0;z<=c;z++)
 226   1        {
 227   2        for(j=0;j<1000;j++);
 228   2        }
 229   1      }
 230          
 231          
 232          
 233          void enpass(unsigned char x)
 234            {
 235   1          P0=x;
 236   1          pass1[y]=x;
 237   1          y++;
 238   1        return;
 239   1        }
 240            
C51 COMPILER V9.55   DOO_LOCK                                                              06/28/2016 22:00:31 PAGE 5   

 241            
 242          void check(void)
 243            {
 244   1          unsigned char j;
 245   1          for (j=0;j<=8;j++)
 246   1          {
 247   2            if(pass[j]==pass1[j])
 248   2            {
 249   3              if(j==8)
 250   3              {
 251   4                dscmd(0x01);
 252   4                dscmd(0x80);
 253   4                for(j=0;j<11;j++)
 254   4                {
 255   5                  dsdata(mwell[j]);
 256   5                }
 257   4              
 258   4                m0=1;
 259   4                m1=0;
 260   4                delay(600);
 261   4                m0=0;
 262   4                m1=0;
 263   4                y=0;
 264   4                
 265   4              }
 266   3            }
 267   2            else
 268   2            {
 269   3              dscmd(0x01);
 270   3                dscmd(0x80);
 271   3              for(j=0;j<16;j++)
 272   3              {
 273   4                dsdata(errpass[j]);
 274   4              }
 275   3              delay(300);
 276   3              y=0;
 277   3              welcome();
 278   3            }
 279   2          }
 280   1          clear();
 281   1        }
 282            
 283            
 284          void welcome(void)
 285          {
 286   1        dscmd(0x01);
 287   1        dscmd(0x80);
 288   1        dscmd(0x02);
 289   1        for(i=0;i<=16;i++)
 290   1        {
 291   2          dsdata(mess1[i]);
 292   2          delay(5);
 293   2        }
 294   1        dscmd(0xC0);
 295   1      }
 296          
 297          void clear(void)
 298          {
 299   1      for(i=0;i<=10;i++)
 300   1      {
 301   2        pass1[i]='\0';
 302   2      }
C51 COMPILER V9.55   DOO_LOCK                                                              06/28/2016 22:00:31 PAGE 6   

 303   1      dscmd(0xC0);
 304   1      }


MODULE INFORMATION:   STATIC OVERLAYABLE
   CODE SIZE        =    598    ----
   CONSTANT SIZE    =   ----    ----
   XDATA SIZE       =   ----    ----
   PDATA SIZE       =   ----    ----
   DATA SIZE        =     69       1
   IDATA SIZE       =   ----    ----
   BIT SIZE         =   ----    ----
END OF MODULE INFORMATION.


C51 COMPILATION COMPLETE.  0 WARNING(S),  0 ERROR(S)
