C51 COMPILER V9.54   LCD                                                                   09/20/2015 17:23:20 PAGE 1   


C51 COMPILER V9.54, COMPILATION OF MODULE LCD
OBJECT MODULE PLACED IN .\Objects\lcd.obj
COMPILER INVOKED BY: C:\Keil_v5\C51\BIN\C51.EXE G:\RAVI\lcd.c OPTIMIZE(8,SPEED) BROWSE DEBUG OBJECTEXTEND PRINT(.\Listin
                    -gs\lcd.lst) TABS(2) OBJECT(.\Objects\lcd.obj)

line level    source

   1          #include<regx51.h>
   2          sbit rs=P3^0;
   3          sbit en=P3^1;
   4          sbit d0=P2^0;
   5          sbit d1=P2^1;
   6          sbit d2=P2^2;
   7          sbit d3=P2^3;
   8          sbit d4=P2^4;
   9          sbit d5=P2^5;
  10          sbit d6=P2^6;
  11          sbit d7=P2^7;
  12          void delay(int a)
  13            {
  14   1        int i;
  15   1        int j;
  16   1        for(i=0;i<=a;i++)
  17   1          {
  18   2            for(j=0;j<=100;j++)
  19   2          }}  
*** ERROR C141 IN LINE 19 OF G:\RAVI\lcd.c: syntax error near '}'
  20            void main()
  21            {
  22   1        lcd8_init();
  23   1        while(1)
  24   1        {
  25   2          lcd8_set_cursor(1,1);
  26   2          lcd8_write_string("ravi");
  27   2          for(i=0;i<=3;i++)
  28   2          {
  29   3            delay(1000);
  30   3            lcd8_shift_left();
  31   3            lcd8_shift_right();
  32   3          }
  33   2          lcd8_clear();
  34   2          lcd8_write_char('e');
  35   2          lcd8_write_char('s');
  36   2          delay(3000);
  37   2          }
  38   1        rturn 0;
  39   1        }

C51 COMPILATION COMPLETE.  0 WARNING(S),  1 ERROR(S)
